1542076945185	mozrunner::runner	INFO	Running command: "C:\\Program Files\\Mozilla Firefox\\firefox.exe" "-marionette" "-foreground" "-no-remote" "-profile" "C:\\Users\\ADMINI~1\\AppData\\Local\\Temp\\rust_mozprofile.MJsdSd4IaZiP"
1542076948223	Marionette	INFO	Listening on port 57421
1542076948446	Marionette	WARN	TLS certificate errors will be ignored for this session
JavaScript warning: https://vbitex.com/demo/socket_index.php?symbol=2&cid=5&type=6, line 7399: unreachable code after return statement
JavaScript warning: https://vbitex.com/demo/socket_index.php?symbol=2&cid=5&type=6, line 7399: unreachable code after return statement
JavaScript error: chrome://browser/content/urlbarBindings.xml, line 2709: NS_ERROR_FAILURE: Component returned failure code: 0x80004005 (NS_ERROR_FAILURE) [nsIAutoCompleteController.getStyleAt]
1542076977239	mozrunner::runner	INFO	Running command: "C:\\Program Files\\Mozilla Firefox\\firefox.exe" "-marionette" "-foreground" "-no-remote" "-profile" "C:\\Users\\ADMINI~1\\AppData\\Local\\Temp\\rust_mozprofile.JlE6uOR71Qd4"
1542076978996	Marionette	INFO	Listening on port 57465
1542076979376	Marionette	WARN	TLS certificate errors will be ignored for this session
JavaScript warning: https://vbitex.com/demo/socket_index.php?symbol=2&cid=5&type=6, line 7399: unreachable code after return statement
JavaScript warning: https://vbitex.com/demo/socket_index.php?symbol=2&cid=5&type=6, line 7399: unreachable code after return statement
JavaScript warning: https://vbitex.com/demo/socket_index.php?symbol=2&cid=5&type=6, line 7399: unreachable code after return statement
JavaScript warning: https://vbitex.com/demo/socket_index.php?symbol=2&cid=5&type=6, line 7399: unreachable code after return statement
console.error: BroadcastService: 
  receivedBroadcastMessage: handler for
  remote-settings/monitor_changes
  threw error:
  Message: Error: Polling for changes failed: NetworkError when attempting to fetch resource..
  Stack:
    remoteSettingsFunction/remoteSettings.pollChanges@resource://services-settings/remote-settings.js:721:13

JavaScript warning: https://vbitex.com/demo/socket_index.php?symbol=2&cid=5&type=6, line 7399: unreachable code after return statement
JavaScript warning: https://vbitex.com/demo/socket_index.php?symbol=2&cid=5&type=6, line 7399: unreachable code after return statement
JavaScript warning: https://vbitex.com/demo/socket_index.php?symbol=2&cid=5&type=6, line 7399: unreachable code after return statement
JavaScript warning: https://vbitex.com/demo/socket_index.php?symbol=2&cid=5&type=6, line 7399: unreachable code after return statement
JavaScript warning: https://vbitex.com/demo/socket_index.php?symbol=2&cid=5&type=6, line 7399: unreachable code after return statement
JavaScript warning: https://vbitex.com/demo/socket_index.php?symbol=2&cid=5&type=6, line 7399: unreachable code after return statement
JavaScript warning: https://vbitex.com/demo/socket_index.php?symbol=2&cid=5&type=6, line 7399: unreachable code after return statement
JavaScript warning: https://vbitex.com/demo/socket_index.php?symbol=2&cid=5&type=6, line 7399: unreachable code after return statement
JavaScript warning: https://vbitex.com/demo/socket_index.php?symbol=2&cid=5&type=6, line 7399: unreachable code after return statement
JavaScript warning: https://vbitex.com/demo/socket_index.php?symbol=2&cid=5&type=6, line 7399: unreachable code after return statement
JavaScript warning: https://vbitex.com/demo/socket_index.php?symbol=2&cid=5&type=6, line 7399: unreachable code after return statement
JavaScript warning: https://vbitex.com/demo/socket_index.php?symbol=2&cid=5&type=6, line 7399: unreachable code after return statement
JavaScript warning: https://vbitex.com/demo/socket_index.php?symbol=2&cid=5&type=6, line 7399: unreachable code after return statement
JavaScript warning: https://vbitex.com/demo/socket_index.php?symbol=2&cid=5&type=6, line 7399: unreachable code after return statement
JavaScript warning: https://vbitex.com/demo/socket_index.php?symbol=2&cid=5&type=6, line 7399: unreachable code after return statement
JavaScript warning: https://vbitex.com/demo/socket_index.php?symbol=2&cid=5&type=6, line 7399: unreachable code after return statement
JavaScript warning: https://vbitex.com/demo/socket_index.php?symbol=2&cid=5&type=6, line 7399: unreachable code after return statement
JavaScript warning: https://vbitex.com/demo/socket_index.php?symbol=2&cid=5&type=6, line 7399: unreachable code after return statement
JavaScript warning: https://vbitex.com/demo/socket_index.php?symbol=2&cid=5&type=6, line 7399: unreachable code after return statement
JavaScript warning: https://vbitex.com/demo/socket_index.php?symbol=2&cid=5&type=6, line 7399: unreachable code after return statement
JavaScript warning: https://vbitex.com/demo/socket_index.php?symbol=2&cid=5&type=6, line 7399: unreachable code after return statement
JavaScript warning: https://vbitex.com/demo/socket_index.php?symbol=2&cid=5&type=6, line 7399: unreachable code after return statement
JavaScript warning: https://vbitex.com/demo/socket_index.php?symbol=2&cid=5&type=6, line 7399: unreachable code after return statement
JavaScript warning: https://vbitex.com/demo/socket_index.php?symbol=2&cid=5&type=6, line 7399: unreachable code after return statement
JavaScript warning: https://vbitex.com/demo/socket_index.php?symbol=2&cid=5&type=6, line 7399: unreachable code after return statement
JavaScript warning: https://vbitex.com/demo/socket_index.php?symbol=2&cid=5&type=6, line 7399: unreachable code after return statement
JavaScript warning: https://vbitex.com/demo/socket_index.php?symbol=2&cid=5&type=6, line 7399: unreachable code after return statement
JavaScript warning: https://vbitex.com/demo/socket_index.php?symbol=2&cid=5&type=6, line 7399: unreachable code after return statement
JavaScript warning: https://vbitex.com/demo/socket_index.php?symbol=2&cid=5&type=6, line 7399: unreachable code after return statement
JavaScript warning: https://vbitex.com/demo/socket_index.php?symbol=2&cid=5&type=6, line 7399: unreachable code after return statement
JavaScript warning: https://vbitex.com/demo/socket_index.php?symbol=2&cid=5&type=6, line 7399: unreachable code after return statement
