2018-11-16 13:13:24.678 [000002752490:MESS]  Starting xdag, version 0.3.0
2018-11-16 13:13:24.678 [000002752490:MESS]  Starting synchonization engine...
2018-11-16 13:13:24.678 [000002752490:MESS]  Starting dnet transport...
2018-11-16 13:15:26.608 [000002752490:MESS]  Initializing cryptography...
2018-11-16 13:15:26.983 [000002752490:MESS]  Reading wallet...
2018-11-16 13:15:27.029 [000002752490:MESS]  Initializing addresses...
2018-11-16 13:15:27.029 [000002752490:MESS]  Starting blocks engine...
2018-11-16 13:15:27.029 [000002752490:MESS]  Starting pool engine...
2018-11-16 13:15:27.029 [000002754630:MESS]  Loading blocks from local storage...
2018-11-16 13:15:27.029 [000002754630:MESS]  Finish loading blocks, time cost 0ms
2018-11-16 13:15:27.029 [000002754630:MESS]  Starting mining threads...
2018-11-16 13:15:27.029 [000002754630:MESS]  Entering main cycle...
2018-11-16 13:15:27.154 [000002752490:INFO]  Create: b94bedccafb269caf3076c408e98145ffa9a5a9a07f1d2528186a6e483b8c1c3 t=16fb949bc9d pos=1
2018-11-16 13:15:27.154 [000002752490:INFO]  Diff  : 00000000161ae7e65 (+00000000161ae7e65)
2018-11-16 13:15:27.154 [000002752490:INFO]  Good +: b94bedccafb269caf3076c408e98145ffa9a5a9a07f1d2528186a6e483b8c1c3 t=16fb949bc9d pos=0
2018-11-16 13:15:27.451 [000002754e60:INFO]  Sent  : b94bedccafb269caf3076c408e98145ffa9a5a9a07f1d2528186a6e483b8c1c3 t=16fb949bc9d res=0
2018-11-16 13:15:28.780 [000002754e60:INFO]  Task  : t=16fb949ffff N=1
2018-11-16 13:15:28.780 [000002754e60:INFO]  Share : ce0a55fbac061284f856758221b1f63424120dd5df08e20cbc6d47d244e71188 t=16fb949ffff res=0
2018-11-16 13:19:59.395 [000002882490:MESS]  Starting xdag, version 0.3.0
2018-11-16 13:19:59.395 [000002882490:MESS]  Starting synchonization engine...
2018-11-16 13:19:59.395 [000002882490:MESS]  Starting dnet transport...
2018-11-16 13:20:03.721 [000002882490:MESS]  Initializing cryptography...
2018-11-16 13:20:04.127 [000002882490:MESS]  Reading wallet...
2018-11-16 13:20:04.127 [000002882490:MESS]  Initializing addresses...
2018-11-16 13:20:04.127 [000002882490:MESS]  Starting blocks engine...
2018-11-16 13:20:04.127 [000002882490:MESS]  Starting pool engine...
2018-11-16 13:20:04.127 [000002884630:MESS]  Loading blocks from local storage...
2018-11-16 13:20:04.158 [000002884630:MESS]  Finish loading blocks, time cost 31ms
2018-11-16 13:20:04.158 [000002884630:MESS]  Starting mining threads...
2018-11-16 13:20:04.158 [000002884630:MESS]  Entering main cycle...
2018-11-16 13:20:04.299 [000002884b90:INFO]  Sent  : b94bedccafb269caf3076c408e98145ffa9a5a9a07f1d2528186a6e483b8c1c3 t=16fb949bc9d res=0
2018-11-16 13:20:05.661 [000002884b90:INFO]  Task  : t=16fb94effff N=1
2018-11-16 13:20:05.661 [000002884b90:INFO]  Share : e3ca37821e33fee414825662262fb6e0794183210681937435d1c0e0478a36a5 t=16fb94effff res=0
2018-11-16 13:20:41.340 [000002a72490:MESS]  Starting xdag, version 0.3.0
2018-11-16 13:20:41.340 [000002a72490:MESS]  Starting synchonization engine...
2018-11-16 13:20:41.340 [000002a72490:MESS]  Starting dnet transport...
2018-11-16 13:20:49.793 [000002a72490:MESS]  Initializing cryptography...
2018-11-16 13:20:50.184 [000002a72490:MESS]  Reading wallet...
2018-11-16 13:20:50.184 [000002a72490:MESS]  Initializing addresses...
2018-11-16 13:20:50.184 [000002a72490:MESS]  Initializing RPC service...
2018-11-16 13:20:50.184 [000002a72490:MESS]  Starting blocks engine...
2018-11-16 13:20:50.184 [000002a72490:MESS]  Starting pool engine...
2018-11-16 13:20:50.184 [000002a74b10:MESS]  Loading blocks from local storage...
2018-11-16 13:20:50.184 [000002a745b0:MESS]  RPC service startd.
2018-11-16 13:20:50.215 [000002a74b10:MESS]  Finish loading blocks, time cost 32ms
2018-11-16 13:20:50.215 [000002a74b10:MESS]  Starting mining threads...
2018-11-16 13:20:50.215 [000002a74b10:MESS]  Entering main cycle...
2018-11-16 13:20:50.418 [000002a750b0:INFO]  Sent  : b94bedccafb269caf3076c408e98145ffa9a5a9a07f1d2528186a6e483b8c1c3 t=16fb949bc9d res=0
2018-11-16 13:20:51.817 [000002a750b0:INFO]  Task  : t=16fb94effff N=1
2018-11-16 13:20:51.817 [000002a750b0:INFO]  Share : 23c757e3a4a79b0339c35f61ecead2785c2a8d4b90a778374f55c3794f049946 t=16fb94effff res=0
2018-11-16 13:20:53.210 [000002a750b0:INFO]  Task  : t=16fb94effff N=2
2018-11-16 13:20:53.570 [000002a750b0:INFO]  Task  : t=16fb94effff N=3
2018-11-16 13:21:01.647 [000002a750b0:INFO]  Share : b1ef19dc21da3b295c3463751ebdf7ae2f22ff8e60e2544ce8a0905302ff7cec t=16fb94effff res=0
2018-11-16 13:21:57.406 [000002a750b0:INFO]  Task  : t=16fb94fffff N=4
2018-11-16 13:21:57.406 [000002a750b0:INFO]  Share : 0433339bc866498ad24eb760292cbbeb5a214a183a079ff68245d14387a2533a t=16fb94fffff res=0
2018-11-16 13:23:01.355 [000002a750b0:INFO]  Task  : t=16fb950ffff N=5
2018-11-16 13:23:01.355 [000002a750b0:INFO]  Share : 157faea2ae3632e34d411503cbd56e1985483ca1a0b99a3b7fa3e20daf418e01 t=16fb950ffff res=0
2018-11-16 22:48:44.043 [000002832490:MESS]  Starting xdag, version 0.3.0
2018-11-16 22:48:44.043 [000002832490:MESS]  Starting synchonization engine...
2018-11-16 22:48:44.043 [000002832490:MESS]  Starting dnet transport...
2018-11-16 22:48:47.865 [000002832490:MESS]  Initializing cryptography...
2018-11-16 22:48:48.271 [000002832490:MESS]  Reading wallet...
2018-11-16 22:48:48.271 [000002832490:MESS]  Initializing addresses...
2018-11-16 22:48:48.271 [000002832490:MESS]  Initializing RPC service...
2018-11-16 22:48:48.271 [000002832490:MESS]  Starting blocks engine...
2018-11-16 22:48:48.271 [000002832490:MESS]  Starting pool engine...
2018-11-16 22:48:48.271 [000002834b40:MESS]  Loading blocks from local storage...
2018-11-16 22:48:48.271 [0000028345a0:MESS]  RPC service startd.
2018-11-16 22:48:48.333 [000002834b40:MESS]  Finish loading blocks, time cost 63ms
2018-11-16 22:48:48.333 [000002834b40:MESS]  Starting mining threads...
2018-11-16 22:48:48.333 [000002834b40:MESS]  Entering main cycle...
2018-11-16 22:48:48.785 [0000028350e0:INFO]  Sent  : b94bedccafb269caf3076c408e98145ffa9a5a9a07f1d2528186a6e483b8c1c3 t=16fb949bc9d res=0
2018-11-16 22:48:51.141 [0000028350e0:INFO]  Task  : t=16fbb63ffff N=1
2018-11-16 22:48:51.141 [0000028350e0:INFO]  Share : 19d7ef0f40c9ea7e43d0d7009a6adb526851b6e15402dbc3459d91d0b390bc8e t=16fbb63ffff res=0
2018-11-16 22:49:27.951 [0000028350e0:INFO]  Task  : t=16fbb63ffff N=2
2018-11-16 22:49:27.951 [0000028350e0:INFO]  Share : 1ffad60c2c540c7b17fe1a299563a924d0d6f530a6ea8db86fe15a83a464c1e5 t=16fbb63ffff res=0
2018-11-17 00:16:05.227 [000002882490:MESS]  Starting xdag, version 0.3.0
2018-11-17 00:16:05.227 [000002882490:MESS]  Starting synchonization engine...
2018-11-17 00:16:05.227 [000002882490:MESS]  Starting dnet transport...
2018-11-17 00:16:12.353 [0000000d2490:MESS]  Starting xdag, version 0.3.0
2018-11-17 00:16:12.353 [0000000d2490:MESS]  Starting synchonization engine...
2018-11-17 00:16:12.353 [0000000d2490:MESS]  Starting dnet transport...
2018-11-17 00:16:16.503 [0000000d2490:MESS]  Initializing cryptography...
2018-11-17 00:16:16.862 [0000000d2490:MESS]  Reading wallet...
2018-11-17 00:16:16.862 [0000000d2490:MESS]  Initializing addresses...
2018-11-17 00:16:16.862 [0000000d2490:MESS]  Initializing RPC service...
2018-11-17 00:16:16.862 [0000000d2490:MESS]  Starting blocks engine...
2018-11-17 00:16:16.862 [0000000d2490:MESS]  Starting pool engine...
2018-11-17 00:16:16.862 [0000000d4b40:MESS]  Loading blocks from local storage...
2018-11-17 00:16:16.862 [0000000d45a0:MESS]  RPC service startd.
2018-11-17 00:16:16.908 [0000000d4b40:MESS]  Finish loading blocks, time cost 47ms
2018-11-17 00:16:16.908 [0000000d4b40:MESS]  Starting mining threads...
2018-11-17 00:16:16.908 [0000000d4b40:MESS]  Entering main cycle...
2018-11-17 00:16:17.019 [0000000d50e0:INFO]  Sent  : b94bedccafb269caf3076c408e98145ffa9a5a9a07f1d2528186a6e483b8c1c3 t=16fb949bc9d res=0
2018-11-17 00:16:18.349 [0000000d50e0:INFO]  Task  : t=16fbbb5ffff N=1
2018-11-17 00:16:18.349 [0000000d50e0:INFO]  Share : 4507275709e11698c6e4fb4806d1e049f16d0db0a12fc0810ce7d1085b34a5a2 t=16fbbb5ffff res=0
2018-11-17 00:16:55.802 [0000000d50e0:INFO]  Task  : t=16fbbb5ffff N=2
2018-11-17 00:16:55.802 [0000000d50e0:INFO]  Share : 04cba3dcd8c2f17772b5b5ba65d500110d00a304ab7d8842511fd14451950bd7 t=16fbbb5ffff res=0
2018-11-17 00:16:57.139 [0000000d50e0:INFO]  Task  : t=16fbbb5ffff N=3
2018-11-17 00:17:05.146 [0000000d50e0:INFO]  Share : fe5fbfb289e3ec5e3a2d21fd97b84bf2d3d216bc5499aa141a5061b968375c9f t=16fbbb5ffff res=0
2018-11-17 00:23:51.875 [000002c92490:MESS]  Starting xdag, version 0.3.0
2018-11-17 00:23:51.875 [000002c92490:MESS]  Starting synchonization engine...
2018-11-17 00:23:51.875 [000002c92490:MESS]  Starting dnet transport...
2018-11-17 00:23:55.639 [000002c92490:MESS]  Initializing cryptography...
2018-11-17 00:23:56.013 [000002c92490:MESS]  Reading wallet...
2018-11-17 00:23:56.013 [000002c92490:MESS]  Initializing addresses...
2018-11-17 00:23:56.013 [000002c92490:MESS]  Initializing RPC service...
2018-11-17 00:23:56.013 [000002c92490:MESS]  Starting blocks engine...
2018-11-17 00:23:56.013 [000002c92490:MESS]  Starting pool engine...
2018-11-17 00:23:56.013 [000002c94b40:MESS]  Loading blocks from local storage...
2018-11-17 00:23:56.013 [000002c945a0:MESS]  RPC service startd.
2018-11-17 00:23:56.045 [000002c94b40:MESS]  Finish loading blocks, time cost 33ms
2018-11-17 00:23:56.045 [000002c94b40:MESS]  Starting mining threads...
2018-11-17 00:23:56.045 [000002c94b40:MESS]  Entering main cycle...
2018-11-17 00:23:57.545 [000002c950e0:INFO]  Sent  : b94bedccafb269caf3076c408e98145ffa9a5a9a07f1d2528186a6e483b8c1c3 t=16fb949bc9d res=0
2018-11-17 00:24:08.963 [000002c950e0:INFO]  Task  : t=16fbbbcffff N=1
2018-11-17 00:24:08.963 [000002c950e0:INFO]  Share : a31c161eb49d885105b7d2e14731b2fc758534d3a7ec6d7d7331b0220c761e01 t=16fbbbcffff res=0
2018-11-17 00:24:24.452 [000002c950e0:INFO]  Task  : t=16fbbbcffff N=2
2018-11-17 00:24:24.452 [000002c950e0:INFO]  Share : 3cb9e4848ea35364d966b58d7963f659850e2f64cbfe269c68ad7beb7e34453b t=16fbbbcffff res=0
2018-11-17 00:25:28.082 [000002c950e0:INFO]  Task  : t=16fbbbdffff N=3
2018-11-17 00:25:28.082 [000002c950e0:INFO]  Share : 3e26211286c3daaa9901f23c7cc248f08c019c4272d140a08f112b774c924f13 t=16fbbbdffff res=0
2018-11-17 00:26:31.895 [000002c950e0:INFO]  Task  : t=16fbbbeffff N=4
2018-11-17 00:26:31.895 [000002c950e0:INFO]  Share : 77f4b9485f6794b1afcd859b206624472ce7b3154d526a9152e7730543a4c05b t=16fbbbeffff res=0
2018-11-17 00:27:35.843 [000002c950e0:INFO]  Task  : t=16fbbbfffff N=5
2018-11-17 00:27:35.843 [000002c950e0:INFO]  Share : ff915521cc253ace71135f043a18d94769c713317e1571d8eff4c813806a5d5f t=16fbbbfffff res=0
2018-11-17 00:28:38.800 [000002c950e0:INFO]  Task  : t=16fbbc0ffff N=6
2018-11-17 00:28:38.800 [000002c950e0:INFO]  Share : b8ba1adb3d3f36259afba5c3fd3ff8fb2688229312f9f6dde9c662258c542dc4 t=16fbbc0ffff res=0
2018-11-17 00:29:43.717 [000002c950e0:INFO]  Task  : t=16fbbc1ffff N=7
2018-11-17 00:29:43.717 [000002c950e0:INFO]  Share : 96fcb0903ccd1727fd83af478ed039d56f1d044addcf389004979f1125d1c34c t=16fbbc1ffff res=0
2018-11-17 00:30:51.410 [000002c950e0:INFO]  Task  : t=16fbbc2ffff N=8
2018-11-17 00:30:51.410 [000002c950e0:INFO]  Share : e0e0d9597f870b3af38712ee026d4641fd2351c10cd0a0fcb5bb9e535db88879 t=16fbbc2ffff res=0
2018-11-17 00:31:51.995 [000002c950e0:INFO]  Task  : t=16fbbc3ffff N=9
2018-11-17 00:31:51.995 [000002c950e0:INFO]  Share : 5188a3748ba9d67892f8e55a931d04c3d32e115eda0a48925f95fe00fb0ebf53 t=16fbbc3ffff res=0
2018-11-17 00:32:57.504 [000002c950e0:INFO]  Task  : t=16fbbc4ffff N=10
2018-11-17 00:32:57.504 [000002c950e0:INFO]  Share : 1044ed5523176af95583b8009131729284ea0f220738b98936ce00cf05ea495b t=16fbbc4ffff res=0
2018-11-17 00:33:59.086 [000002c950e0:INFO]  Task  : t=16fbbc5ffff N=11
2018-11-17 00:33:59.086 [000002c950e0:INFO]  Share : df5b00b58bb18aabac6aafa39df6ad6aebd1df060a30e55e8e6ef43855ee79d2 t=16fbbc5ffff res=0
2018-11-17 00:35:03.077 [000002c950e0:INFO]  Task  : t=16fbbc6ffff N=12
2018-11-17 00:35:03.077 [000002c950e0:INFO]  Share : bdaec8142705720aebd6572f8ebc98fa2db4926e75a34ca8e10934e6c69d4d62 t=16fbbc6ffff res=0
2018-11-17 00:36:08.115 [000002c950e0:INFO]  Task  : t=16fbbc7ffff N=13
2018-11-17 00:36:08.115 [000002c950e0:INFO]  Share : 99a9ac69418ca7aa4d497e5a367e4b188f140eb0ff3973a41c00336f2461a073 t=16fbbc7ffff res=0
2018-11-17 00:37:12.207 [000002c950e0:INFO]  Task  : t=16fbbc8ffff N=14
2018-11-17 00:37:12.207 [000002c950e0:INFO]  Share : 14cff0efa23c924badb1270bdf68e609d3558acfacbda0a0077d18679353761f t=16fbbc8ffff res=0
2018-11-17 00:38:15.231 [000002c950e0:INFO]  Task  : t=16fbbc9ffff N=15
2018-11-17 00:38:15.231 [000002c950e0:INFO]  Share : b98ce64787d90d13791b9b99a327211040852c45432aea86a0b12dd8c7bd971e t=16fbbc9ffff res=0
2018-11-17 00:39:20.130 [000002c950e0:INFO]  Task  : t=16fbbcaffff N=16
2018-11-17 00:39:20.130 [000002c950e0:INFO]  Share : 52d212fd4d28b7c15b6758be725b5e069d3f4d3582b04b5eac15fd03cbea77ac t=16fbbcaffff res=0
2018-11-17 00:40:22.763 [000002c950e0:INFO]  Task  : t=16fbbcbffff N=17
2018-11-17 00:40:22.763 [000002c950e0:INFO]  Share : 404776c5769b41a2f6c96b5dd003f74717227b7227670afac69b3d6069b4c046 t=16fbbcbffff res=0
2018-11-17 00:41:27.440 [000002c950e0:INFO]  Task  : t=16fbbccffff N=18
2018-11-17 00:41:27.440 [000002c950e0:INFO]  Share : 600d41e733ad8c6bce828ef90d416f33e7d2f968beb3b0e829d3b1a2cb6e2984 t=16fbbccffff res=0
2018-11-17 00:42:32.024 [000002c950e0:INFO]  Task  : t=16fbbcdffff N=19
2018-11-17 00:42:32.024 [000002c950e0:INFO]  Share : c3b11fb6e60e0398bdd5735b995501044e13e65309b95bda7d3306c6b3d0070a t=16fbbcdffff res=0
2018-11-17 00:43:35.652 [000002c950e0:INFO]  Task  : t=16fbbceffff N=20
2018-11-17 00:43:35.652 [000002c950e0:INFO]  Share : 54468c437fe31c0cc06cef3f695623b749c00ec3c8a085f1045a503763ccdcd0 t=16fbbceffff res=0
2018-11-17 00:44:40.314 [000002c950e0:INFO]  Task  : t=16fbbcfffff N=21
2018-11-17 00:44:40.314 [000002c950e0:INFO]  Share : 74117af0a7066836e32d0d54cf8b65094defc36bf385f89aec8804b6feb207fc t=16fbbcfffff res=0
2018-11-17 00:45:43.925 [000002c950e0:INFO]  Task  : t=16fbbd0ffff N=22
2018-11-17 00:45:43.925 [000002c950e0:INFO]  Share : 8906387389c9eb998b6f672b450df087c68efd6cf1f84483484ffddb454dfa76 t=16fbbd0ffff res=0
2018-11-17 00:46:47.531 [000002c950e0:INFO]  Task  : t=16fbbd1ffff N=23
2018-11-17 00:46:47.531 [000002c950e0:INFO]  Share : b074966eecf5ed5ee4b923f5865efda93ca8cb9b7a2251d2c6e22dc9e1b79ad5 t=16fbbd1ffff res=0
2018-11-17 00:47:51.188 [000002c950e0:INFO]  Task  : t=16fbbd2ffff N=24
2018-11-17 00:47:51.188 [000002c950e0:INFO]  Share : 95f20b1b0ca59a2217cf9ebe953a01a767ae223f70783fcfc99c0a787053c281 t=16fbbd2ffff res=0
2018-11-17 00:48:54.843 [000002c950e0:INFO]  Task  : t=16fbbd3ffff N=25
2018-11-17 00:48:54.843 [000002c950e0:INFO]  Share : f7e8216964e507aa5c3a4000ce269c1e5acbcb8b5074f250f7a4888bc2ad87fb t=16fbbd3ffff res=0
2018-11-17 00:50:01.598 [000002c950e0:INFO]  Task  : t=16fbbd4ffff N=26
2018-11-17 00:50:01.598 [000002c950e0:INFO]  Share : 087ed6d8ba57d95a34d5d73545a52cb501b25bfbf7f25b5bdba48ae94e26c863 t=16fbbd4ffff res=0
2018-11-17 00:51:50.094 [000002c950e0:MESS]  Xfer : from AAAAAAAAAAAAAAAAAAAAAAAAAAAAAAAA to w8G4g+SmhoFS0vEHmlqa+l8UmI5AbAfz xfer 0.000000127 XDAG
2018-11-17 00:51:51.436 [000002c950e0:INFO]  Task  : t=16fbbd6ffff N=27
2018-11-17 00:51:51.436 [000002c950e0:INFO]  Share : 558fcd62bd21ab15d3e79dcd333e8f90f5064c73404bb7299617f83e5b7dc06f t=16fbbd6ffff res=0
2018-11-22 17:53:13.112 [000002702490:MESS]  Starting xdag, version 0.3.0
2018-11-22 17:53:13.112 [000002702490:MESS]  Starting synchonization engine...
2018-11-22 17:53:13.112 [000002702490:MESS]  Starting dnet transport...
2018-11-22 17:55:19.086 [000002702490:MESS]  Initializing cryptography...
2018-11-22 17:55:19.517 [000002702490:MESS]  Reading wallet...
2018-11-22 17:55:19.582 [000002702490:MESS]  Initializing addresses...
2018-11-22 17:55:19.582 [000002702490:MESS]  Starting blocks engine...
2018-11-22 17:55:19.582 [000002702490:MESS]  Starting pool engine...
2018-11-22 17:55:19.582 [000002704900:MESS]  Loading blocks from local storage...
2018-11-22 17:55:19.597 [000002704900:MESS]  Finish loading blocks, time cost 16ms
2018-11-22 17:55:19.597 [000002704900:MESS]  Starting mining threads...
2018-11-22 17:55:19.597 [000002704900:MESS]  Entering main cycle...
2018-11-22 17:55:19.727 [000002702490:INFO]  Create: 9b64d238cc2a11dad23a3d50275872d077f96b0107b52b2ef2c3f1ba62daf8a2 t=16fd9f41ee8 pos=1
2018-11-22 17:55:19.729 [000002702490:INFO]  Diff  : 000000001a5bdc717 (+000000001a5bdc717)
2018-11-22 17:55:19.730 [000002702490:INFO]  Good +: 9b64d238cc2a11dad23a3d50275872d077f96b0107b52b2ef2c3f1ba62daf8a2 t=16fd9f41ee8 pos=0
2018-11-22 17:55:19.808 [000002705130:INFO]  Sent  : 9b64d238cc2a11dad23a3d50275872d077f96b0107b52b2ef2c3f1ba62daf8a2 t=16fd9f41ee8 res=0
2018-11-22 17:55:21.165 [000002705130:INFO]  Task  : t=16fd9f4ffff N=1
2018-11-22 17:55:21.165 [000002705130:INFO]  Share : 1e09d95e3015b87cd2b0fe0c36bd416d6f4e12b74586069de913fb38ec8b9e9f t=16fd9f4ffff res=0
2018-11-22 17:56:17.720 [000002705130:INFO]  Task  : t=16fd9f5ffff N=2
2018-11-22 17:56:17.720 [000002705130:INFO]  Share : 86a6bbc1404e314ade40e25b9c013311cb6e34dd7ff88715c209b0dbaed436ef t=16fd9f5ffff res=0
2018-11-22 17:57:21.386 [000002705130:INFO]  Task  : t=16fd9f6ffff N=3
2018-11-22 17:57:21.386 [000002705130:INFO]  Share : da39c7534c2f6ffac3b75994816c27c66a37867d8a61543fb351521f26ff6226 t=16fd9f6ffff res=0
2018-11-22 17:57:22.756 [000002705130:INFO]  Task  : t=16fd9f6ffff N=4
2018-11-22 17:57:31.836 [000002705130:INFO]  Share : 8a0209adbdf935eaf50753e0ebddcc8677c635f18ede9e823a1cdcf010d73987 t=16fd9f6ffff res=0
2018-11-22 17:58:25.464 [000002705130:INFO]  Task  : t=16fd9f7ffff N=5
2018-11-22 17:58:25.464 [000002705130:INFO]  Share : 13667e59ee7dad3fbe660ed11c3bfe183a7226bbbbba297cf95a0df8610114dd t=16fd9f7ffff res=0
2018-11-22 17:58:26.821 [000002705130:INFO]  Task  : t=16fd9f7ffff N=6
