2018-09-10 19:27:26  dnet T11.231-T13.714.
2018-09-10 19:27:26  Active hosts:
  0. 58781B1F                   0 sec, T13.714, local     trust  127.0.0.1:0
2018-09-10 19:27:26  Current connections:
2018-09-10 19:27:26  Current streams:
2018-09-10 19:27:26  dnet gc: start to collect
2018-09-10 19:27:26  dnet gc: 2 threads total, 0 collected
2018-09-10 19:28:26  dnet gc: start to collect
2018-09-10 19:28:26  dnet gc: 2 threads total, 0 collected
2018-09-10 19:29:26  dnet gc: start to collect
2018-09-10 19:29:26  dnet gc: 2 threads total, 0 collected
2018-09-10 19:30:26  dnet gc: start to collect
2018-09-10 19:30:26  dnet gc: 2 threads total, 0 collected
2018-09-10 19:31:26  dnet gc: start to collect
2018-09-10 19:31:26  dnet gc: 2 threads total, 0 collected
2018-09-10 19:32:26  Active hosts:
  0. 58781B1F                   0 sec, T13.714, local     trust  127.0.0.1:0
2018-09-10 19:32:26  Current connections:
2018-09-10 19:32:26  Current streams:
2018-09-10 19:32:26  dnet gc: start to collect
2018-09-10 19:32:26  dnet gc: 2 threads total, 0 collected
2018-09-10 19:33:26  dnet gc: start to collect
2018-09-10 19:33:26  dnet gc: 2 threads total, 0 collected
2018-09-10 19:34:26  dnet gc: start to collect
2018-09-10 19:34:26  dnet gc: 2 threads total, 0 collected
2018-09-10 19:35:26  dnet gc: start to collect
2018-09-10 19:35:26  dnet gc: 2 threads total, 0 collected
2018-09-10 19:36:26  dnet gc: start to collect
2018-09-10 19:36:26  dnet gc: 2 threads total, 0 collected
2018-09-10 19:37:26  Active hosts:
  0. 58781B1F                   0 sec, T13.714, local     trust  127.0.0.1:0
2018-09-10 19:37:26  Current connections:
2018-09-10 19:37:26  Current streams:
2018-09-10 19:37:27  dnet gc: start to collect
2018-09-10 19:37:27  dnet gc: 2 threads total, 0 collected
2018-09-10 19:38:27  dnet gc: start to collect
2018-09-10 19:38:27  dnet gc: 2 threads total, 0 collected
2018-09-10 19:39:27  dnet gc: start to collect
2018-09-10 19:39:27  dnet gc: 2 threads total, 0 collected
2018-09-10 19:40:27  dnet gc: start to collect
2018-09-10 19:40:27  dnet gc: 2 threads total, 0 collected
2018-09-10 19:41:27  dnet gc: start to collect
2018-09-10 19:41:27  dnet gc: 2 threads total, 0 collected
2018-09-10 19:42:26  Active hosts:
  0. 58781B1F                   0 sec, T13.714, local     trust  127.0.0.1:0
2018-09-10 19:42:26  Current connections:
2018-09-10 19:42:26  Current streams:
2018-09-10 19:42:27  dnet gc: start to collect
2018-09-10 19:42:27  dnet gc: 2 threads total, 0 collected
2018-09-10 19:43:27  dnet gc: start to collect
2018-09-10 19:43:27  dnet gc: 2 threads total, 0 collected
2018-09-10 19:44:27  dnet gc: start to collect
2018-09-10 19:44:27  dnet gc: 2 threads total, 0 collected
2018-09-10 19:45:27  dnet gc: start to collect
2018-09-10 19:45:27  dnet gc: 2 threads total, 0 collected
2018-09-10 19:46:27  dnet gc: start to collect
2018-09-10 19:46:27  dnet gc: 2 threads total, 0 collected
2018-09-10 19:47:26  Active hosts:
  0. 58781B1F                   0 sec, T13.714, local     trust  127.0.0.1:0
2018-09-10 19:47:26  Current connections:
2018-09-10 19:47:26  Current streams:
2018-09-10 19:47:27  dnet gc: start to collect
2018-09-10 19:47:27  dnet gc: 2 threads total, 0 collected
2018-09-10 19:48:27  dnet gc: start to collect
2018-09-10 19:48:27  dnet gc: 2 threads total, 0 collected
2018-09-10 19:49:27  dnet gc: start to collect
2018-09-10 19:49:27  dnet gc: 2 threads total, 0 collected
2018-09-10 19:50:28  dnet gc: start to collect
2018-09-10 19:50:28  dnet gc: 2 threads total, 0 collected
2018-09-10 19:51:28  dnet gc: start to collect
2018-09-10 19:51:28  dnet gc: 2 threads total, 0 collected
2018-09-10 19:52:26  Active hosts:
  0. 58781B1F                   0 sec, T13.714, local     trust  127.0.0.1:0
2018-09-10 19:52:26  Current connections:
2018-09-10 19:52:26  Current streams:
2018-09-10 19:52:28  dnet gc: start to collect
2018-09-10 19:52:28  dnet gc: 2 threads total, 0 collected
2018-09-10 19:53:28  dnet gc: start to collect
2018-09-10 19:53:28  dnet gc: 2 threads total, 0 collected
2018-09-10 19:54:28  dnet gc: start to collect
2018-09-10 19:54:28  dnet gc: 2 threads total, 0 collected
2018-09-10 19:55:28  dnet gc: start to collect
2018-09-10 19:55:28  dnet gc: 2 threads total, 0 collected
2018-09-10 19:56:28  dnet gc: start to collect
2018-09-10 19:56:28  dnet gc: 2 threads total, 0 collected
2018-09-10 19:57:26  Active hosts:
  0. 58781B1F                   0 sec, T13.714, local     trust  127.0.0.1:0
2018-09-10 19:57:26  Current connections:
2018-09-10 19:57:26  Current streams:
2018-09-10 19:57:28  dnet gc: start to collect
2018-09-10 19:57:28  dnet gc: 2 threads total, 0 collected
2018-09-10 19:58:28  dnet gc: start to collect
2018-09-10 19:58:28  dnet gc: 2 threads total, 0 collected
2018-09-10 19:59:28  dnet gc: start to collect
2018-09-10 19:59:28  dnet gc: 2 threads total, 0 collected
2018-09-10 20:00:28  dnet gc: start to collect
2018-09-10 20:00:28  dnet gc: 2 threads total, 0 collected
2018-09-10 20:01:28  dnet gc: start to collect
2018-09-10 20:01:28  dnet gc: 2 threads total, 0 collected
2018-09-10 20:03:46  dnet T11.231-T13.714.
2018-09-10 20:03:46  Active hosts:
  0. 58781B1F                   0 sec, T13.714, local     trust  127.0.0.1:0
2018-09-10 20:03:46  dnet gc: start to collect
2018-09-10 20:03:46  Current connections:
2018-09-10 20:03:46  dnet gc: 2 threads total, 0 collected
2018-09-10 20:03:46  Current streams:
2018-09-10 20:04:23  dnet T11.231-T13.714.
2018-09-10 20:04:23  Active hosts:
  0. 58781B1F                   0 sec, T13.714, local     trust  127.0.0.1:0
2018-09-10 20:04:23  Current connections:
2018-09-10 20:04:23  Current streams:
2018-09-10 20:04:23  dnet gc: start to collect
2018-09-10 20:04:23  dnet gc: 2 threads total, 0 collected
2018-09-10 20:31:24  dnet T11.231-T13.714.
2018-09-10 20:31:24  Active hosts:
  0. 7943CACF                   0 sec, T13.714, local     trust  127.0.0.1:0
2018-09-10 20:31:24  Current connections:
2018-09-10 20:31:24  Current streams:
2018-09-10 20:31:24  dnet gc: start to collect
2018-09-10 20:31:24  dnet gc: 2 threads total, 0 collected
2018-09-10 20:32:24  dnet gc: start to collect
2018-09-10 20:32:24  dnet gc: 2 threads total, 0 collected
2018-09-10 20:33:24  dnet gc: start to collect
2018-09-10 20:33:24  dnet gc: 2 threads total, 0 collected
2018-10-14 23:46:32  dnet T11.231-T13.714.
2018-10-14 23:46:32  Active hosts:
  0. 7943CACF                   0 sec, T13.714, local     trust  127.0.0.1:0
2018-10-14 23:46:32  Current connections:
2018-10-14 23:46:32  Current streams:
2018-10-14 23:46:32  dnet gc: start to collect
2018-10-14 23:46:32  dnet gc: 2 threads total, 0 collected
