2018-09-10 19:10:46.281 [0000046c4510:MESS]  Starting xdag, version 0.2.5
2018-09-10 19:10:46.281 [0000046c4510:MESS]  Starting synchonization engine...
2018-09-10 19:10:46.281 [0000046c4510:MESS]  Starting dnet transport...
2018-09-10 19:27:26.254 [0000046c4510:MESS]  Initializing cryptography...
2018-09-10 19:27:26.706 [0000046c4510:MESS]  Reading wallet...
2018-09-10 19:27:27.034 [0000046c4510:MESS]  Initializing addresses...
2018-09-10 19:27:27.034 [0000046c4510:MESS]  Starting blocks engine...
2018-09-10 19:27:27.034 [0000046c4510:MESS]  Starting pool engine...
2018-09-10 19:27:27.034 [0000046ca8f0:MESS]  Loading blocks from local storage...
2018-09-10 19:27:27.049 [0000046ca8f0:MESS]  Finish loading blocks, time cost 16ms
2018-09-10 19:27:27.049 [0000046ca8f0:MESS]  Starting mining threads...
2018-09-10 19:27:27.049 [0000046ca8f0:MESS]  Entering main cycle...
2018-09-10 19:27:27.194 [0000046c4510:INFO]  Create: 26c0655c538faa62958748fe4159530791b44b28f2789d76c6dca88cc4a12caf t=16e59547cb6 pos=1
2018-09-10 19:27:27.194 [0000046c4510:INFO]  Diff  : 0000000069b2f21f9 (+0000000069b2f21f9)
2018-09-10 19:27:27.194 [0000046c4510:INFO]  Good +: 26c0655c538faa62958748fe4159530791b44b28f2789d76c6dca88cc4a12caf t=16e59547cb6 pos=0
2018-09-10 19:27:28.600 [0000046caab0:INFO]  Sent  : 26c0655c538faa62958748fe4159530791b44b28f2789d76c6dca88cc4a12caf t=16e59547cb6 res=0
2018-09-10 19:27:29.957 [0000046caab0:INFO]  Task  : t=16e5954ffff N=1
2018-09-10 19:27:29.973 [0000046caab0:INFO]  Share : 8ef5bda582dab37715d1c6264b639a04a01fac48905309cf3f302e984fb5c0ee t=16e5954ffff res=0
2018-09-10 19:28:02.713 [0000046caab0:INFO]  Task  : t=16e5955ffff N=2
2018-09-10 19:28:02.713 [0000046caab0:INFO]  Share : a699ea7c5e8e4a9bb1ef3098334853efdd24d625dc53db879db9959f43a44fc9 t=16e5955ffff res=0
2018-09-10 19:28:04.104 [0000046caab0:INFO]  Task  : t=16e5955ffff N=3
2018-09-10 19:28:12.177 [0000046caab0:INFO]  Share : 6d767b14c78c432b2e05bc4fb56933eec43bbaedee566b29364874d2c86707c8 t=16e5955ffff res=0
2018-09-10 19:29:06.113 [0000046caab0:INFO]  Task  : t=16e5956ffff N=4
2018-09-10 19:29:06.113 [0000046caab0:INFO]  Share : 0444333ccb1d64ed183312e1740558921704269f01a9a3fc433e18602869805a t=16e5956ffff res=0
2018-09-10 19:29:07.503 [0000046caab0:INFO]  Task  : t=16e5956ffff N=5
2018-09-10 19:29:16.604 [0000046caab0:INFO]  Share : 065f4cc21a316e7ad44fa002330e8c2a2f4c130466e37f9b71ee59fbf804ea37 t=16e5956ffff res=0
2018-09-10 19:30:10.570 [0000046caab0:INFO]  Task  : t=16e5957ffff N=6
2018-09-10 19:30:10.570 [0000046caab0:INFO]  Share : a35b81ccc36af237bf8ef4c1a8002383f734a2eb3475ab8b6565649003b321e1 t=16e5957ffff res=0
2018-09-10 19:31:13.606 [0000046caab0:INFO]  Task  : t=16e5958ffff N=7
2018-09-10 19:31:13.606 [0000046caab0:INFO]  Share : 9d82a41799f1847ee7ea3e43828ebaf8a018e3674afa94f2e6901b9cf2746afd t=16e5958ffff res=0
2018-09-10 19:31:14.963 [0000046caab0:INFO]  Task  : t=16e5958ffff N=8
2018-09-10 19:31:23.061 [0000046caab0:INFO]  Share : 6dc4dccd40278641211bed09d0cd13d15625fb80258dbb18a89fe7d311e96755 t=16e5958ffff res=0
2018-09-10 19:32:18.003 [0000046caab0:INFO]  Task  : t=16e5959ffff N=9
2018-09-10 19:32:18.003 [0000046caab0:INFO]  Share : 7df94c37a0d99665b88b39888dae6295d76c955e1dac9090f7cc283e194c897b t=16e5959ffff res=0
2018-09-10 19:33:23.136 [0000046caab0:INFO]  Task  : t=16e595affff N=10
2018-09-10 19:33:23.136 [0000046caab0:INFO]  Share : 0537fa4372e89e2626ccaac778d0eb7e311f406e49935dd8a20aafc3c811179e t=16e595affff res=0
2018-09-10 19:34:27.192 [0000046caab0:INFO]  Task  : t=16e595bffff N=11
2018-09-10 19:34:27.192 [0000046caab0:INFO]  Share : 56243713e5adf51a8727fd69272daaf66c9f60ef66db47469ae1c1cfe643fa14 t=16e595bffff res=0
2018-09-10 19:35:29.941 [0000046caab0:INFO]  Task  : t=16e595cffff N=12
2018-09-10 19:35:29.941 [0000046caab0:INFO]  Share : 1aaf870a6e29236f6330f7e207662ffc43a266b309d44fbc405df6fb4d3d7cbd t=16e595cffff res=0
2018-09-10 19:35:31.311 [0000046caab0:INFO]  Task  : t=16e595cffff N=13
2018-09-10 19:35:39.386 [0000046caab0:INFO]  Share : 62c0728378cc4f4f6b7b599acab3b0fab7b3b2a49e399a51e43e17d3f72fc7b9 t=16e595cffff res=0
2018-09-10 19:36:34.106 [0000046caab0:INFO]  Task  : t=16e595dffff N=14
2018-09-10 19:36:34.106 [0000046caab0:INFO]  Share : 3447f176848823a9217f632890d9b5bfb67764aed0f1d19ff402bfe47291c1f1 t=16e595dffff res=0
2018-09-10 19:36:35.459 [0000046caab0:INFO]  Task  : t=16e595dffff N=15
2018-09-10 19:36:44.545 [0000046caab0:INFO]  Share : a0989ab4e16fd2cc64c46fad1bb637a05b498f131750848086ab6598b42355e5 t=16e595dffff res=0
2018-09-10 19:37:38.269 [0000046caab0:INFO]  Task  : t=16e595effff N=16
2018-09-10 19:37:38.269 [0000046caab0:INFO]  Share : f3e49aa7bcf29fe02386c5c4f269037cfdc5ee2401358e32e16991353d2b40b3 t=16e595effff res=0
2018-09-10 19:38:42.027 [0000046caab0:INFO]  Task  : t=16e595fffff N=17
2018-09-10 19:38:42.027 [0000046caab0:INFO]  Share : 23a4e9d40550059e6a3acaac092d8e30e79437bcf3603363bca7a3c0ec6fceef t=16e595fffff res=0
2018-09-10 19:39:46.843 [0000046caab0:INFO]  Task  : t=16e5960ffff N=18
2018-09-10 19:39:46.843 [0000046caab0:INFO]  Share : fdbec7bb54109cde5a171bb8e43b4dcd576976b14d845065bfc9cd37d66c3218 t=16e5960ffff res=0
2018-09-10 19:40:50.579 [0000046caab0:INFO]  Task  : t=16e5961ffff N=19
2018-09-10 19:40:50.579 [0000046caab0:INFO]  Share : eda08723d33cbf260954bfccd877880fd76a282b81bdd621a2d3e936becfd335 t=16e5961ffff res=0
2018-09-10 19:40:50.891 [0000046caab0:INFO]  Task  : t=16e5961ffff N=20
2018-09-10 19:41:53.703 [0000046caab0:INFO]  Task  : t=16e5962ffff N=21
2018-09-10 19:41:53.703 [0000046caab0:INFO]  Share : ed2db4e73a3e9603acd1ed424f771c95ce5c5252958b2614a533ae27143aa6d3 t=16e5962ffff res=0
2018-09-10 19:41:56.053 [0000046caab0:INFO]  Task  : t=16e5962ffff N=22
2018-09-10 19:42:03.098 [0000046caab0:INFO]  Share : 5a59aec9a4ba1c00063246e261b68bd12ae106eed2c665b21a7ef9fb56be65bf t=16e5962ffff res=0
2018-09-10 19:42:57.851 [0000046caab0:INFO]  Task  : t=16e5963ffff N=23
2018-09-10 19:42:57.851 [0000046caab0:INFO]  Share : 72e81c89f2dca774b3d6d48b2653028db7b38773d9e21e5d36445cedf54b6420 t=16e5963ffff res=0
2018-09-10 19:44:02.676 [0000046caab0:INFO]  Task  : t=16e5964ffff N=24
2018-09-10 19:44:02.676 [0000046caab0:INFO]  Share : 955fe87508957f250114aed1835bcf6d5a53fe5cddc9a9f99a1d7c2ba1d52db6 t=16e5964ffff res=0
2018-09-10 19:45:06.477 [0000046caab0:INFO]  Task  : t=16e5965ffff N=25
2018-09-10 19:45:06.477 [0000046caab0:INFO]  Share : 9d74052c2587145068d5d68b0ee9850d7dffc90fda81d991a482decfffb409a7 t=16e5965ffff res=0
2018-09-10 19:45:06.807 [0000046caab0:INFO]  Task  : t=16e5965ffff N=26
2018-09-10 19:46:10.399 [0000046caab0:INFO]  Task  : t=16e5966ffff N=27
2018-09-10 19:46:10.399 [0000046caab0:INFO]  Share : f81fe3dea0589eb2c521f5b6966e302c44dc3103b8c2ac4b8d75edd96493554d t=16e5966ffff res=0
2018-09-10 19:46:11.778 [0000046caab0:INFO]  Task  : t=16e5966ffff N=28
2018-09-10 19:46:20.813 [0000046caab0:INFO]  Share : cd24ebe10ca9e738ccaf017bd7be9c20bd3502bbfa842476e3a1d8908c7b5fb7 t=16e5966ffff res=0
2018-09-10 19:47:14.385 [0000046caab0:INFO]  Task  : t=16e5967ffff N=29
2018-09-10 19:47:14.385 [0000046caab0:INFO]  Share : df3931918fa254b14862f494ae0c8692ba5a7a10a3104bfabedfb065a361cb64 t=16e5967ffff res=0
2018-09-10 19:47:15.763 [0000046caab0:INFO]  Task  : t=16e5967ffff N=30
2018-09-10 19:47:24.806 [0000046caab0:INFO]  Share : 49afcb1647ad1e98fc371040c70331501c1c34745d8d025a3f47de04e1856111 t=16e5967ffff res=0
2018-09-10 19:48:18.337 [0000046caab0:INFO]  Task  : t=16e5968ffff N=31
2018-09-10 19:48:18.337 [0000046caab0:INFO]  Share : 1faac65a9fec84e87c8e3fdbdf6f37cdbb3cf5781349bbb6077dc67a8b835323 t=16e5968ffff res=0
2018-09-10 19:49:23.922 [0000046caab0:INFO]  Task  : t=16e5969ffff N=32
2018-09-10 19:49:23.922 [0000046caab0:INFO]  Share : ab8ddec6606dbc2bd58ad5b8a59a08ce16ac2586351d794b9854824eeb4ee935 t=16e5969ffff res=0
2018-09-10 19:50:26.496 [0000046caab0:INFO]  Task  : t=16e596affff N=33
2018-09-10 19:50:26.496 [0000046caab0:INFO]  Share : f597b7ecc2ee50dc319536b15961d6f9ec2a024ed236e2d57cc5378ca6b8bc9a t=16e596affff res=0
2018-09-10 19:50:27.843 [0000046caab0:INFO]  Task  : t=16e596affff N=34
2018-09-10 19:50:36.884 [0000046caab0:INFO]  Share : 613bcc42aa8dad999f07619c3e4be355b34d80375cc1b049ff198aff673b4fcd t=16e596affff res=0
2018-09-10 19:51:30.405 [0000046caab0:INFO]  Task  : t=16e596bffff N=35
2018-09-10 19:51:30.405 [0000046caab0:INFO]  Share : 668896c3bc5d7644039442a6e0d4df817fb22adcfa41501e07029b2b574d5563 t=16e596bffff res=0
2018-09-10 19:51:31.797 [0000046caab0:INFO]  Task  : t=16e596bffff N=36
2018-09-10 19:51:40.832 [0000046caab0:INFO]  Share : f015e66003e17bc0f795586093fa9d7193638e67f23b5188e74842130b253f8f t=16e596bffff res=0
2018-09-10 19:52:34.354 [0000046caab0:INFO]  Task  : t=16e596cffff N=37
2018-09-10 19:52:34.354 [0000046caab0:INFO]  Share : 31a5e20f5fdb6ce8e8b53cdee45c6a4388a5505a0b93b909da3ae82ccfed16f6 t=16e596cffff res=0
2018-09-10 19:52:35.702 [0000046caab0:INFO]  Task  : t=16e596cffff N=38
2018-09-10 19:52:44.742 [0000046caab0:INFO]  Share : 50a7bacabddecec374e15941540b8f5782ffa09c3bc63b7cbaa890873854fff8 t=16e596cffff res=0
2018-09-10 19:53:39.273 [0000046caab0:INFO]  Task  : t=16e596dffff N=39
2018-09-10 19:53:39.273 [0000046caab0:INFO]  Share : 561be6316db3880740f772d9364411d94e79199276981f7d2591c4c34a148f10 t=16e596dffff res=0
2018-09-10 19:54:42.858 [0000046caab0:INFO]  Task  : t=16e596effff N=40
2018-09-10 19:54:42.858 [0000046caab0:INFO]  Share : fcb94c146d2f9dc177dd2e39a7bd33ecee9c515cea90964b8e12c21da7ea178e t=16e596effff res=0
2018-09-10 19:55:46.434 [0000046caab0:INFO]  Task  : t=16e596fffff N=41
2018-09-10 19:55:46.434 [0000046caab0:INFO]  Share : 961e73b853078be390cdc6f9874d71fe29664d9ce341eae628ad3733e788f4a0 t=16e596fffff res=0
2018-09-10 19:55:47.798 [0000046caab0:INFO]  Task  : t=16e596fffff N=42
2018-09-10 19:55:56.833 [0000046caab0:INFO]  Share : 3ddd51d899a976cf5de0b658b23e42a957fb68d17b4171a720804fe01c25d6c8 t=16e596fffff res=0
2018-09-10 19:56:50.390 [0000046caab0:INFO]  Task  : t=16e5970ffff N=43
2018-09-10 19:56:50.390 [0000046caab0:INFO]  Share : 01409edf92802b46435514988e9911b9e2a0919114dba4a1e0c43387a6da8af5 t=16e5970ffff res=0
2018-09-10 19:56:51.738 [0000046caab0:INFO]  Task  : t=16e5970ffff N=44
2018-09-10 19:57:00.773 [0000046caab0:INFO]  Share : 378535b1199d767cf2dd245ad3ab712058d197f9030b64145ca91c16bb68c362 t=16e5970ffff res=0
2018-09-10 19:57:54.373 [0000046caab0:INFO]  Task  : t=16e5971ffff N=45
2018-09-10 19:57:54.373 [0000046caab0:INFO]  Share : b8ada2f82261d51f34ed88734d68279a45cb2bfb45b03c5304e3cbea9fc40aab t=16e5971ffff res=0
2018-09-10 19:58:57.950 [0000046caab0:INFO]  Task  : t=16e5972ffff N=46
2018-09-10 19:58:57.950 [0000046caab0:INFO]  Share : 417315a177bddbf1bf61b09484bc7c371e349548da99f5f437437abecbc79593 t=16e5972ffff res=0
2018-09-10 19:58:59.316 [0000046caab0:INFO]  Task  : t=16e5972ffff N=47
2018-09-10 19:59:07.343 [0000046caab0:INFO]  Share : 0b821cd7f09ec1a94bc55d1ef43f3aef480f7b165765645158644619f3358427 t=16e5972ffff res=0
2018-09-10 20:00:02.924 [0000046caab0:INFO]  Task  : t=16e5973ffff N=48
2018-09-10 20:00:02.924 [0000046caab0:INFO]  Share : 1c5acaa99cba59c2cb66cd5018d816d3bac017ed5de545784ce5a79089357125 t=16e5973ffff res=0
2018-09-10 20:01:05.515 [0000046caab0:INFO]  Task  : t=16e5974ffff N=49
2018-09-10 20:01:05.515 [0000046caab0:INFO]  Share : a45822864dd7c4c95b070933548e7e011b052ad910388fbf1058043720a4c039 t=16e5974ffff res=0
2018-09-10 20:01:06.871 [0000046caab0:INFO]  Task  : t=16e5974ffff N=50
2018-09-10 20:01:15.917 [0000046caab0:INFO]  Share : 81d2f8c56546606619c32c84444766f98a0772aea2ec377ff2fd3290601ab497 t=16e5974ffff res=0
2018-09-10 20:03:41.366 [0000046a4550:MESS]  Starting xdag, version 0.2.5
2018-09-10 20:03:41.366 [0000046a4550:MESS]  Starting synchonization engine...
2018-09-10 20:03:41.382 [0000046a4550:MESS]  Starting dnet transport...
2018-09-10 20:03:46.081 [0000046a4550:MESS]  Initializing cryptography...
2018-09-10 20:03:46.425 [0000046a4550:MESS]  Reading wallet...
2018-09-10 20:03:46.425 [0000046a4550:MESS]  Initializing addresses...
2018-09-10 20:03:46.425 [0000046a4550:MESS]  Starting blocks engine...
2018-09-10 20:03:46.425 [0000046a4550:MESS]  Starting pool engine...
2018-09-10 20:03:46.425 [0000046a9a00:MESS]  Loading blocks from local storage...
2018-09-10 20:03:46.456 [0000046a9a00:MESS]  Finish loading blocks, time cost 31ms
2018-09-10 20:03:46.456 [0000046a9a00:MESS]  Starting mining threads...
2018-09-10 20:03:46.456 [0000046a9a00:MESS]  Entering main cycle...
2018-09-10 20:03:46.800 [000004df7630:INFO]  Sent  : 26c0655c538faa62958748fe4159530791b44b28f2789d76c6dca88cc4a12caf t=16e59547cb6 res=0
2018-09-10 20:03:48.128 [000004df7630:INFO]  Task  : t=16e5976ffff N=1
2018-09-10 20:03:48.128 [000004df7630:INFO]  Share : 7e843d5fe337243bd0c378ada23278d2e99f7827799b9810ea1efd713cfe667a t=16e5976ffff res=0
2018-09-10 20:04:18.804 [000004652490:MESS]  Starting xdag, version 0.2.5
2018-09-10 20:04:18.804 [000004652490:MESS]  Starting synchonization engine...
2018-09-10 20:04:18.804 [000004652490:MESS]  Starting dnet transport...
2018-09-10 20:04:23.144 [000004652490:MESS]  Initializing cryptography...
2018-09-10 20:04:23.487 [000004652490:MESS]  Reading wallet...
2018-09-10 20:04:23.487 [000004652490:MESS]  Initializing addresses...
2018-09-10 20:04:23.487 [000004652490:MESS]  Starting blocks engine...
2018-09-10 20:04:23.487 [000004652490:MESS]  Starting pool engine...
2018-09-10 20:04:23.487 [000004c96630:MESS]  Loading blocks from local storage...
2018-09-10 20:04:23.503 [000004c96630:MESS]  Finish loading blocks, time cost 17ms
2018-09-10 20:04:23.519 [000004c96630:MESS]  Starting mining threads...
2018-09-10 20:04:23.519 [000004c96630:MESS]  Entering main cycle...
2018-09-10 20:04:23.942 [000004c97bd0:INFO]  Sent  : 26c0655c538faa62958748fe4159530791b44b28f2789d76c6dca88cc4a12caf t=16e59547cb6 res=0
2018-09-10 20:04:25.299 [000004c97bd0:INFO]  Task  : t=16e5977ffff N=1
2018-09-10 20:04:25.299 [000004c97bd0:INFO]  Share : 5ba9160fae192a7c7af9c3dadad4610586fcd14563dfeb28fd2882122c48f514 t=16e5977ffff res=0
2018-09-10 20:26:29.630 [000004614510:MESS]  Starting xdag, version 0.2.5
2018-09-10 20:26:29.630 [000004614510:MESS]  Starting synchonization engine...
2018-09-10 20:26:29.630 [000004614510:MESS]  Starting dnet transport...
2018-09-10 20:28:27.886 [000004614510:MESS]  Initializing cryptography...
2018-09-10 20:28:28.207 [000004614510:MESS]  Reading wallet...
2018-09-10 20:28:28.488 [000004614510:MESS]  Initializing addresses...
2018-09-10 20:28:28.488 [000004614510:MESS]  Starting blocks engine...
2018-09-10 20:28:28.488 [000004614510:MESS]  Starting pool engine...
2018-09-10 20:28:28.488 [00000461ad50:MESS]  Loading blocks from local storage...
2018-09-10 20:28:28.488 [00000461ad50:MESS]  Finish loading blocks, time cost 0ms
2018-09-10 20:28:28.488 [00000461ad50:MESS]  Starting mining threads...
2018-09-10 20:28:28.488 [00000461ad50:MESS]  Entering main cycle...
2018-09-10 20:28:28.629 [000004614510:INFO]  Create: 83c15bacf792338c4512b3b2d9e2486120c86441170e8580aa56201838c441cc t=16e598db284 pos=1
2018-09-10 20:28:28.629 [000004614510:INFO]  Diff  : 000000001f1682ba8 (+000000001f1682ba8)
2018-09-10 20:28:28.629 [000004614510:INFO]  Good +: 83c15bacf792338c4512b3b2d9e2486120c86441170e8580aa56201838c441cc t=16e598db284 pos=0
2018-09-10 20:28:28.863 [0000062b6e30:INFO]  Sent  : 83c15bacf792338c4512b3b2d9e2486120c86441170e8580aa56201838c441cc t=16e598db284 res=0
2018-09-10 20:28:30.204 [0000062b6e30:INFO]  Task  : t=16e598dffff N=1
2018-09-10 20:28:30.204 [0000062b6e30:INFO]  Share : 6547a559a9fe606cabc6bf52ddf0a635be37c42e28727c1f84932bc615ae369a t=16e598dffff res=0
2018-09-10 20:28:49.746 [0000062b6e30:INFO]  Task  : t=16e598effff N=2
2018-09-10 20:28:49.746 [0000062b6e30:INFO]  Share : 2a63555d601784c2d079db56b50dd50375c096a9cb41767be1b25531bf54f87b t=16e598effff res=0
2018-09-10 20:28:52.102 [0000062b6e30:INFO]  Task  : t=16e598effff N=3
2018-09-10 20:28:59.178 [0000062b6e30:INFO]  Share : 0f9e0b7356a9054ca0eba9c6addf256b17e48def74a2a845f79560a257f58ba7 t=16e598effff res=0
2018-09-18 00:29:22.269 [0000045c4510:MESS]  Starting xdag, version 0.2.5
2018-09-18 00:29:22.316 [0000045c4510:MESS]  Starting synchonization engine...
2018-09-18 00:29:22.316 [0000045c4510:MESS]  Starting dnet transport...
2018-09-18 00:29:27.152 [0000045c4510:MESS]  Initializing cryptography...
2018-09-18 00:29:27.480 [0000045c4510:MESS]  Reading wallet...
2018-09-18 00:29:27.480 [0000045c4510:MESS]  Initializing addresses...
2018-09-18 00:29:27.480 [0000045c4510:MESS]  Starting blocks engine...
2018-09-18 00:29:27.480 [0000045c4510:MESS]  Starting pool engine...
2018-09-18 00:29:27.480 [0000045c9a10:MESS]  Loading blocks from local storage...
2018-09-18 00:29:27.558 [0000045c9a10:MESS]  Finish loading blocks, time cost 80ms
2018-09-18 00:29:27.558 [0000045c9a10:MESS]  Starting mining threads...
2018-09-18 00:29:27.558 [0000045c9a10:MESS]  Entering main cycle...
2018-09-18 00:29:27.885 [000004df7630:INFO]  Sent  : 83c15bacf792338c4512b3b2d9e2486120c86441170e8580aa56201838c441cc t=16e598db284 res=0
2018-09-18 00:29:29.243 [000004df7630:INFO]  Task  : t=16e7f59ffff N=1
2018-09-18 00:29:29.243 [000004df7630:INFO]  Share : 8052779d25c360c872057f091495fb2866dea446aaba91aa06065da32a23bcbe t=16e7f59ffff res=0
2018-10-08 19:52:53.716 [000004604510:MESS]  Starting xdag, version 0.2.5
2018-10-08 19:52:53.763 [000004604510:MESS]  Starting synchonization engine...
2018-10-08 19:52:53.763 [000004604510:MESS]  Starting dnet transport...
2018-10-08 19:52:57.417 [000004604510:MESS]  Initializing cryptography...
2018-10-08 19:52:57.744 [000004604510:MESS]  Reading wallet...
2018-10-08 19:52:57.744 [000004604510:MESS]  Initializing addresses...
2018-10-08 19:52:57.744 [000004604510:MESS]  Starting blocks engine...
2018-10-08 19:52:57.744 [000004604510:MESS]  Starting pool engine...
2018-10-08 19:52:57.744 [000004609a10:MESS]  Loading blocks from local storage...
2018-10-08 19:52:57.807 [000004609a10:MESS]  Finish loading blocks, time cost 65ms
2018-10-08 19:52:57.807 [000004609a10:MESS]  Starting mining threads...
2018-10-08 19:52:57.807 [000004609a10:MESS]  Entering main cycle...
2018-10-08 19:52:58.197 [000006887630:INFO]  Sent  : 83c15bacf792338c4512b3b2d9e2486120c86441170e8580aa56201838c441cc t=16e598db284 res=0
2018-10-08 19:52:59.538 [000006887630:INFO]  Task  : t=16eed14ffff N=1
2018-10-08 19:52:59.538 [000006887630:INFO]  Share : 36a5f66f50f1c0abc85a9a703a38f15766f7880379ae5e4f06354943e322c5e5 t=16eed14ffff res=0
2018-10-08 19:53:37.252 [000006887630:INFO]  Task  : t=16eed15ffff N=2
2018-10-08 19:53:37.252 [000006887630:INFO]  Share : e0d0eac56f8abf3686f343898a268e597438982d25fa14a44eba1f2a5598d7be t=16eed15ffff res=0
2018-10-08 19:53:39.596 [000006887630:INFO]  Task  : t=16eed15ffff N=3
2018-10-08 19:53:47.685 [000006887630:INFO]  Share : 19f1ae2d0e4b98d0a612143caa5fa36d286132acbe54a452555cbc15c0e85672 t=16eed15ffff res=0
2018-10-08 19:54:42.577 [000006887630:INFO]  Task  : t=16eed16ffff N=4
2018-10-08 19:54:42.577 [000006887630:INFO]  Share : 4150340dd02b785fbfc7c0e84ee9a87a59e9c7ed85018314faa3ca51d89909c3 t=16eed16ffff res=0
2018-10-08 19:54:43.923 [000006887630:INFO]  Task  : t=16eed16ffff N=5
2018-10-08 19:54:52.004 [000006887630:INFO]  Share : 5d39e28c2d59b065bbaed8a05124c6c25a2edaea9ccc14bf9b3d5f4387487be0 t=16eed16ffff res=0
2018-10-08 19:55:46.597 [000006887630:INFO]  Task  : t=16eed17ffff N=6
2018-10-08 19:55:46.597 [000006887630:INFO]  Share : f10b2a79cadc59016f347a8c6509f0758473ee2570d9f0e361778143b5b02f97 t=16eed17ffff res=0
2018-10-08 19:55:47.938 [000006887630:INFO]  Task  : t=16eed17ffff N=7
2018-10-08 19:55:56.978 [000006887630:INFO]  Share : 37525292ed2d911c7c225bedfc04b10e80a4779c96393983b48b36ecfd275dc3 t=16eed17ffff res=0
2018-10-14 23:46:41.826 [000004644510:MESS]  Starting xdag, version 0.2.5
2018-10-14 23:46:41.826 [000004644510:MESS]  Starting synchonization engine...
2018-10-14 23:46:41.827 [000004644510:MESS]  Starting dnet transport...
2018-10-14 23:46:45.376 [000004644510:MESS]  Initializing cryptography...
2018-10-14 23:46:45.716 [000004644510:MESS]  Reading wallet...
2018-10-14 23:46:45.717 [000004644510:MESS]  Initializing addresses...
2018-10-14 23:46:45.717 [000004644510:MESS]  Starting blocks engine...
2018-10-14 23:46:45.718 [000004644510:MESS]  Starting pool engine...
2018-10-14 23:46:45.718 [000004649a10:MESS]  Loading blocks from local storage...
2018-10-14 23:46:45.808 [000004649a10:MESS]  Finish loading blocks, time cost 92ms
2018-10-14 23:46:45.808 [000004649a10:MESS]  Starting mining threads...
2018-10-14 23:46:45.808 [000004649a10:MESS]  Entering main cycle...
2018-10-14 23:46:46.133 [0000066a7630:INFO]  Sent  : 83c15bacf792338c4512b3b2d9e2486120c86441170e8580aa56201838c441cc t=16e598db284 res=0
2018-10-14 23:46:47.477 [0000066a7630:INFO]  Task  : t=16f0d93ffff N=1
2018-10-14 23:46:47.478 [0000066a7630:INFO]  Share : 97ec05bea17a32fa62d04ded6f6df0b5d64131175060e4dedb31c233942c5a5c t=16f0d93ffff res=0
